[0919/125702.511:WARNING:viz_main_impl.cc(85)] VizNullHypothesis is disabled (not a warning)
[0919/125709.800:ERROR:ssl_client_socket_impl.cc(882)] handshake failed; returned -1, SSL error code 1, net_error -100
[0919/125709.831:ERROR:ssl_client_socket_impl.cc(882)] handshake failed; returned -1, SSL error code 1, net_error -100
[0919/125718.315:WARNING:spdy_session.cc(2975)] Received HEADERS for invalid stream 3
[0919/125759.969:WARNING:viz_main_impl.cc(85)] VizNullHypothesis is disabled (not a warning)
[0919/125800.700:ERROR:webgpu_decoder_impl.cc(1687)] Failed to query ID3D11Device from ANGLE.
[0919/125851.146:WARNING:viz_main_impl.cc(85)] VizNullHypothesis is disabled (not a warning)
[0919/125915.695:WARNING:viz_main_impl.cc(85)] VizNullHypothesis is disabled (not a warning)
[0919/125941.572:WARNING:viz_main_impl.cc(85)] VizNullHypothesis is disabled (not a warning)
[0919/130543.484:WARNING:viz_main_impl.cc(85)] VizNullHypothesis is disabled (not a warning)
[0919/131728.125:WARNING:viz_main_impl.cc(85)] VizNullHypothesis is disabled (not a warning)
[0919/132332.072:WARNING:viz_main_impl.cc(85)] VizNullHypothesis is disabled (not a warning)
[0919/132428.754:WARNING:viz_main_impl.cc(85)] VizNullHypothesis is disabled (not a warning)
[0919/132431.747:ERROR:ssl_client_socket_impl.cc(882)] handshake failed; returned -1, SSL error code 1, net_error -100
[0919/132431.789:ERROR:ssl_client_socket_impl.cc(882)] handshake failed; returned -1, SSL error code 1, net_error -100
[0919/132502.389:WARNING:viz_main_impl.cc(85)] VizNullHypothesis is disabled (not a warning)
[0919/132659.635:WARNING:viz_main_impl.cc(85)] VizNullHypothesis is disabled (not a warning)
[0919/132725.019:WARNING:viz_main_impl.cc(85)] VizNullHypothesis is disabled (not a warning)
[0919/132808.806:WARNING:viz_main_impl.cc(85)] VizNullHypothesis is disabled (not a warning)
[0919/132809.648:ERROR:webgpu_decoder_impl.cc(1687)] Failed to query ID3D11Device from ANGLE.
[0919/132809.648:ERROR:webgpu_decoder_impl.cc(1687)] Failed to query ID3D11Device from ANGLE.
[0919/132836.192:WARNING:viz_main_impl.cc(85)] VizNullHypothesis is disabled (not a warning)
[0919/132850.110:WARNING:viz_main_impl.cc(85)] VizNullHypothesis is disabled (not a warning)
[0919/132852.686:ERROR:ffmpeg_common.cc(970)] Unsupported pixel format: -1
[0919/143401.647:WARNING:viz_main_impl.cc(85)] VizNullHypothesis is disabled (not a warning)
[0919/143405.062:ERROR:webgpu_decoder_impl.cc(1687)] Failed to query ID3D11Device from ANGLE.
[0919/143445.510:WARNING:viz_main_impl.cc(85)] VizNullHypothesis is disabled (not a warning)
[0919/143446.187:ERROR:webgpu_decoder_impl.cc(1687)] Failed to query ID3D11Device from ANGLE.
[0919/145234.761:WARNING:viz_main_impl.cc(85)] VizNullHypothesis is disabled (not a warning)
[0919/145238.162:ERROR:webgpu_decoder_impl.cc(1687)] Failed to query ID3D11Device from ANGLE.
